Unity Editor version:    2021.3.5f1 (40eb3a945986)
Branch:                  2021.3/staging
Build type:              Release
Batch mode:              YES
macOS version:           Version 12.4 (Build 21F79)
Darwin version:          21.5.0
Architecture:            arm64
Running under Rosetta:   NO
Available memory:        8192 MB
Using pre-set license
Pro License: YES

COMMAND LINE ARGUMENTS:
/Applications/Unity/Hub/Editor/2021.3.5f1/Unity.app/Contents/MacOS/Unity
-adb2
-batchMode
-noUpm
-name
AssetImportWorker0
-projectPath
/Users/jihinip/Documents/Unity Projects/CreateWithCode/prototype3
-logFile
Logs/AssetImportWorker0.log
-srvPort
55259
Successfully changed project path to: /Users/jihinip/Documents/Unity Projects/CreateWithCode/prototype3
/Users/jihinip/Documents/Unity Projects/CreateWithCode/prototype3
[UnityMemory] Configuration Parameters - Can be set up in boot.config
    "memorysetup-bucket-allocator-granularity=16"
    "memorysetup-bucket-allocator-bucket-count=8"
    "memorysetup-bucket-allocator-block-size=33554432"
    "memorysetup-bucket-allocator-block-count=8"
    "memorysetup-main-allocator-block-size=16777216"
    "memorysetup-thread-allocator-block-size=16777216"
    "memorysetup-gfx-main-allocator-block-size=16777216"
    "memorysetup-gfx-thread-allocator-block-size=16777216"
    "memorysetup-cache-allocator-block-size=4194304"
    "memorysetup-typetree-allocator-block-size=2097152"
    "memorysetup-profiler-bucket-allocator-granularity=16"
    "memorysetup-profiler-bucket-allocator-bucket-count=8"
    "memorysetup-profiler-bucket-allocator-block-size=33554432"
    "memorysetup-profiler-bucket-allocator-block-count=8"
    "memorysetup-profiler-allocator-block-size=16777216"
    "memorysetup-profiler-editor-allocator-block-size=1048576"
    "memorysetup-temp-allocator-size-main=16777216"
    "memorysetup-job-temp-allocator-block-size=2097152"
    "memorysetup-job-temp-allocator-block-size-background=1048576"
    "memorysetup-job-temp-allocator-reduction-small-platforms=262144"
    "memorysetup-temp-allocator-size-background-worker=32768"
    "memorysetup-temp-allocator-size-job-worker=262144"
    "memorysetup-temp-allocator-size-preload-manager=33554432"
    "memorysetup-temp-allocator-size-nav-mesh-worker=65536"
    "memorysetup-temp-allocator-size-audio-worker=65536"
    "memorysetup-temp-allocator-size-cloud-worker=32768"
    "memorysetup-temp-allocator-size-gi-baking-worker=262144"
    "memorysetup-temp-allocator-size-gfx=262144"
Refreshing native plugins compatible for Editor in 72.43 ms, found 2 plugins.
Preloading 0 native plugins for Editor in 0.00 ms.
Initialize engine version: 2021.3.5f1 (40eb3a945986)
[Subsystems] Discovering subsystems at path /Applications/Unity/Hub/Editor/2021.3.5f1/Unity.app/Contents/Resources/UnitySubsystems
[Subsystems] Discovering subsystems at path /Users/jihinip/Documents/Unity Projects/CreateWithCode/prototype3/Assets
GfxDevice: creating device client; threaded=0; jobified=0
 preferred device: Apple M1 (high power)
Metal devices available: 1
0: Apple M1 (high power)
Using device Apple M1 (high power)
Initializing Metal device caps: Apple M1
Initialize mono
Mono path[0] = '/Applications/Unity/Hub/Editor/2021.3.5f1/Unity.app/Contents/Managed'
Mono path[1] = '/Applications/Unity/Hub/Editor/2021.3.5f1/Unity.app/Contents/MonoBleedingEdge/lib/mono/unityjit-macos'
Mono config path = '/Applications/Unity/Hub/Editor/2021.3.5f1/Unity.app/Contents/MonoBleedingEdge/etc'
Using monoOptions --debugger-agent=transport=dt_socket,embedding=1,server=y,suspend=n,address=127.0.0.1:56917
Begin MonoManager ReloadAssembly
Registering precompiled unity dll's ...
Register platform support module: /Applications/Unity/Hub/Editor/2021.3.5f1/PlaybackEngines/WebGLSupport/UnityEditor.WebGL.Extensions.dll
Register platform support module: /Applications/Unity/Hub/Editor/2021.3.5f1/Unity.app/Contents/PlaybackEngines/MacStandaloneSupport/UnityEditor.OSXStandalone.Extensions.dll
Registered in 0.001347 seconds.
Native extension for OSXStandalone target not found
Native extension for WebGL target not found
Refreshing native plugins compatible for Editor in 68.44 ms, found 2 plugins.
Preloading 0 native plugins for Editor in 0.00 ms.
Mono: successfully reloaded assembly
- Completed reload, in  0.421 seconds
Domain Reload Profiling:
	ReloadAssembly (422ms)
		BeginReloadAssembly (76ms)
			ExecutionOrderSort (0ms)
			DisableScriptedObjects (0ms)
			BackupInstance (0ms)
			ReleaseScriptingObjects (0ms)
			CreateAndSetChildDomain (0ms)
		EndReloadAssembly (280ms)
			LoadAssemblies (77ms)
			RebuildTransferFunctionScriptingTraits (0ms)
			SetupTypeCache (65ms)
			ReleaseScriptCaches (0ms)
			RebuildScriptCaches (19ms)
			SetupLoadedEditorAssemblies (169ms)
				LogAssemblyErrors (0ms)
				InitializePlatformSupportModulesInManaged (4ms)
				SetLoadedEditorAssemblies (0ms)
				RefreshPlugins (68ms)
				BeforeProcessingInitializeOnLoad (1ms)
				ProcessInitializeOnLoadAttributes (73ms)
				ProcessInitializeOnLoadMethodAttributes (24ms)
				AfterProcessingInitializeOnLoad (0ms)
				EditorAssembliesLoaded (0ms)
			ExecutionOrderSort2 (0ms)
			AwakeInstancesAfterBackupRestoration (0ms)
Platform modules already initialized, skipping
Registering precompiled user dll's ...
Registered in 0.004847 seconds.
Begin MonoManager ReloadAssembly
Symbol file LoadedFromMemory doesn't match image /Users/jihinip/Documents/Unity Projects/CreateWithCode/prototype3/Library/PackageCache/com.unity.visualscripting@1.7.8/Editor/VisualScripting.Core/Dependencies/YamlDotNet/Unity.VisualScripting.YamlDotNet.dll
Symbol file LoadedFromMemory doesn't match image /Users/jihinip/Documents/Unity Projects/CreateWithCode/prototype3/Library/PackageCache/com.unity.visualscripting@1.7.8/Editor/VisualScripting.Core/Dependencies/DotNetZip/Unity.VisualScripting.IonicZip.dll
Native extension for OSXStandalone target not found
Native extension for WebGL target not found
Refreshing native plugins compatible for Editor in 0.40 ms, found 2 plugins.
Preloading 0 native plugins for Editor in 0.00 ms.
Mono: successfully reloaded assembly
- Completed reload, in  0.630 seconds
Domain Reload Profiling:
	ReloadAssembly (631ms)
		BeginReloadAssembly (60ms)
			ExecutionOrderSort (0ms)
			DisableScriptedObjects (3ms)
			BackupInstance (0ms)
			ReleaseScriptingObjects (0ms)
			CreateAndSetChildDomain (12ms)
		EndReloadAssembly (503ms)
			LoadAssemblies (60ms)
			RebuildTransferFunctionScriptingTraits (0ms)
			SetupTypeCache (173ms)
			ReleaseScriptCaches (0ms)
			RebuildScriptCaches (33ms)
			SetupLoadedEditorAssemblies (211ms)
				LogAssemblyErrors (0ms)
				InitializePlatformSupportModulesInManaged (3ms)
				SetLoadedEditorAssemblies (0ms)
				RefreshPlugins (0ms)
				BeforeProcessingInitializeOnLoad (56ms)
				ProcessInitializeOnLoadAttributes (135ms)
				ProcessInitializeOnLoadMethodAttributes (17ms)
				AfterProcessingInitializeOnLoad (1ms)
				EditorAssembliesLoaded (0ms)
			ExecutionOrderSort2 (0ms)
			AwakeInstancesAfterBackupRestoration (2ms)
Platform modules already initialized, skipping
========================================================================
Worker process is ready to serve import requests
Launching external process: /Applications/Unity/Hub/Editor/2021.3.5f1/Unity.app/Contents/Tools/UnityShaderCompiler
Launched and connected shader compiler UnityShaderCompiler after 0.05 seconds
Refreshing native plugins compatible for Editor in 0.42 ms, found 2 plugins.
Preloading 0 native plugins for Editor in 0.00 ms.
Unloading 3369 Unused Serialized files (Serialized files now loaded: 0)
Unloading 27 unused Assets / (94.7 KB). Loaded Objects now: 3825.
Memory consumption went from 229.0 MB to 228.9 MB.
Total: 2.775375 ms (FindLiveObjects: 0.162417 ms CreateObjectMapping: 0.047292 ms MarkObjects: 2.512500 ms  DeleteObjects: 0.052542 ms)

AssetImportParameters requested are different than current active one (requested -> active):
  custom:video-decoder-ogg-theora: a1e56fd34408186e4bbccfd4996cb3dc -> 
  custom:container-muxer-webm: aa71ff27fc2769a1b78a27578f13a17b -> 
  custom:container-demuxer-webm: 4f35f7cbe854078d1ac9338744f61a02 -> 
  custom:video-encoder-webm-vp8: eb34c28f22e8b96e1ab97ce403110664 -> 
  custom:framework-osx-AVFoundation: e770b220cccbd017edd2c1fefb359320 -> 
  custom:audio-encoder-webm-vorbis: bf7c407c2cedff20999df2af8eb42d56 -> 
  custom:container-demuxer-ogg: 62fdf1f143b41e24485cea50d1cbac27 -> 
  custom:video-decoder-webm-vp8: 9c59270c3fd7afecdb556c50c9e8de78 -> 
  custom:audio-decoder-ogg-vorbis: bf7c407c2cedff20999df2af8eb42d56 -> 
========================================================================
Received Import Request.
  Time since last request: 105431.829810 seconds.
  path: Assets/Course Library/_Source_Files/FBX/Animations.fbx
  artifactKey: Guid(d55a3dafe23105e409ee70d6605cbd49) Importer(815301076,1909f56bfc062723c751e8b465ee728b)
Start importing Assets/Course Library/_Source_Files/FBX/Animations.fbx using Guid(d55a3dafe23105e409ee70d6605cbd49) Importer(815301076,1909f56bfc062723c751e8b465ee728b)  -> (artifact id: '958a7a309bedc244585d94e05a1fbe15') in 0.507225 seconds 
========================================================================
Received Import Request.
  Time since last request: 0.000077 seconds.
  path: Assets/Course Library/_Source_Files/FBX/SM_Prop_StoneWall_01.fbx
  artifactKey: Guid(83566b3fe600f364daa9d18fd667ea7f) Importer(815301076,1909f56bfc062723c751e8b465ee728b)
Start importing Assets/Course Library/_Source_Files/FBX/SM_Prop_StoneWall_01.fbx using Guid(83566b3fe600f364daa9d18fd667ea7f) Importer(815301076,1909f56bfc062723c751e8b465ee728b)  -> (artifact id: '7e37521ddc537f1d4aceed42cc2e423b') in 0.432716 seconds 
========================================================================
Received Import Request.
  Time since last request: 0.000040 seconds.
  path: Assets/Course Library/_Source_Files/FBX/SM_Rock_Boulder_01.fbx
  artifactKey: Guid(3bf1797a1e906ed419074e5bd4b7ff3b) Importer(815301076,1909f56bfc062723c751e8b465ee728b)
Start importing Assets/Course Library/_Source_Files/FBX/SM_Rock_Boulder_01.fbx using Guid(3bf1797a1e906ed419074e5bd4b7ff3b) Importer(815301076,1909f56bfc062723c751e8b465ee728b)  -> (artifact id: '4b0553ce07945a06ad58271ed7f0ff5f') in 0.011477 seconds 
========================================================================
Received Import Request.
  Time since last request: 0.000051 seconds.
  path: Assets/Course Library/_Source_Files/FBX/Prop_Barrier02.fbx
  artifactKey: Guid(78056cefff7010745ae502ceee2d13e2) Importer(815301076,1909f56bfc062723c751e8b465ee728b)
Start importing Assets/Course Library/_Source_Files/FBX/Prop_Barrier02.fbx using Guid(78056cefff7010745ae502ceee2d13e2) Importer(815301076,1909f56bfc062723c751e8b465ee728b)  -> (artifact id: '0ced8fa30739e94817e2dbe4844ac4db') in 0.012922 seconds 
========================================================================
Received Import Request.
  Time since last request: 0.000048 seconds.
  path: Assets/Course Library/_Source_Files/FBX/SM_Prop_Barrel_02.fbx
  artifactKey: Guid(bc0208005b6890d44994050c677eb13f) Importer(815301076,1909f56bfc062723c751e8b465ee728b)
Start importing Assets/Course Library/_Source_Files/FBX/SM_Prop_Barrel_02.fbx using Guid(bc0208005b6890d44994050c677eb13f) Importer(815301076,1909f56bfc062723c751e8b465ee728b)  -> (artifact id: '484fdc7ada0f1e031bbdfa6603739773') in 0.029815 seconds 
========================================================================
Received Import Request.
  Time since last request: 0.000049 seconds.
  path: Assets/Course Library/_Source_Files/FBX/SM_Tree_Log_02.fbx
  artifactKey: Guid(66682d92283698d4ab87d966968fcccb) Importer(815301076,1909f56bfc062723c751e8b465ee728b)
Start importing Assets/Course Library/_Source_Files/FBX/SM_Tree_Log_02.fbx using Guid(66682d92283698d4ab87d966968fcccb) Importer(815301076,1909f56bfc062723c751e8b465ee728b)  -> (artifact id: '2e4354c3e6118c09f11b5cdd09121b4b') in 0.010867 seconds 
========================================================================
Received Import Request.
  Time since last request: 0.000028 seconds.
  path: Assets/Course Library/_Source_Files/FBX/SimplePeople.fbx
  artifactKey: Guid(c72c97e952bf7834b85e6164373d310d) Importer(815301076,1909f56bfc062723c751e8b465ee728b)
Start importing Assets/Course Library/_Source_Files/FBX/SimplePeople.fbx using Guid(c72c97e952bf7834b85e6164373d310d) Importer(815301076,1909f56bfc062723c751e8b465ee728b)  -> (artifact id: 'cd515af0448b244e1ee552efc2cd2d34') in 0.169868 seconds 
========================================================================
Received Import Request.
  Time since last request: 0.680036 seconds.
  path: Assets/Course Library/_Source_Files/FBX/Animations
  artifactKey: Guid(fcf7a522835fc4f27ba713263a105347) Importer(815301076,1909f56bfc062723c751e8b465ee728b)
Start importing Assets/Course Library/_Source_Files/FBX/Animations using Guid(fcf7a522835fc4f27ba713263a105347) Importer(815301076,1909f56bfc062723c751e8b465ee728b)  -> (artifact id: '941dee97cedca794fb4e2f29c84155ad') in 0.000763 seconds 
========================================================================
Received Import Request.
  Time since last request: 0.112930 seconds.
  path: Assets/Course Library/_Source_Files/FBX/Animations/Mask_Upper.mask
  artifactKey: Guid(8f022796fa5205e4483f40dd7b373bb4) Importer(815301076,1909f56bfc062723c751e8b465ee728b)
Start importing Assets/Course Library/_Source_Files/FBX/Animations/Mask_Upper.mask using Guid(8f022796fa5205e4483f40dd7b373bb4) Importer(815301076,1909f56bfc062723c751e8b465ee728b)  -> (artifact id: '64c9c0a45862737856812d2381e99dde') in 0.055225 seconds 
========================================================================
Received Import Request.
  Time since last request: 74.660348 seconds.
  path: Assets/Scenes/Prototype 3.unity
  artifactKey: Guid(dc8c9f3efd746429fa6f9482dc779492) Importer(815301076,1909f56bfc062723c751e8b465ee728b)
Start importing Assets/Scenes/Prototype 3.unity using Guid(dc8c9f3efd746429fa6f9482dc779492) Importer(815301076,1909f56bfc062723c751e8b465ee728b)  -> (artifact id: '75f8a2e35833965256875906e72d7fb8') in 0.001583 seconds 
========================================================================
Received Import Request.
  Time since last request: 221.347453 seconds.
  path: Assets/Course Library/_Source_Files/Textures/Background_City.png
  artifactKey: Guid(66ce0fda7508547d2be6b20eac53f119) Importer(815301076,1909f56bfc062723c751e8b465ee728b)
Start importing Assets/Course Library/_Source_Files/Textures/Background_City.png using Guid(66ce0fda7508547d2be6b20eac53f119) Importer(815301076,1909f56bfc062723c751e8b465ee728b)  -> (artifact id: '79af6fe874a371f79d71a3b2775d21e0') in 0.725337 seconds 
========================================================================
Received Import Request.
  Time since last request: 0.000069 seconds.
  path: Assets/Course Library/_Source_Files/Textures/PolygonNature_01.png
  artifactKey: Guid(2edd58f7c433e934db9029c375173b44) Importer(815301076,1909f56bfc062723c751e8b465ee728b)
Start importing Assets/Course Library/_Source_Files/Textures/PolygonNature_01.png using Guid(2edd58f7c433e934db9029c375173b44) Importer(815301076,1909f56bfc062723c751e8b465ee728b)  -> (artifact id: '655ef5c90b38b9e58de9aa4ad702676d') in 0.009721 seconds 
========================================================================
Received Import Request.
  Time since last request: 0.000032 seconds.
  path: Assets/Course Library/_Source_Files/Textures/SimplePeople_BeachBabe_Black.png
  artifactKey: Guid(3b5da37f4a0c7dc4cb0d29868a1bdaa3) Importer(815301076,1909f56bfc062723c751e8b465ee728b)
Start importing Assets/Course Library/_Source_Files/Textures/SimplePeople_BeachBabe_Black.png using Guid(3b5da37f4a0c7dc4cb0d29868a1bdaa3) Importer(815301076,1909f56bfc062723c751e8b465ee728b)  -> (artifact id: '34a36d1cdad986a96207e04876f62286') in 0.008174 seconds 
========================================================================
Received Import Request.
  Time since last request: 0.000074 seconds.
  path: Assets/Course Library/_Source_Files/Textures/SimplePeople_Doctor_White.png
  artifactKey: Guid(fe1471620c6980246afa8143d135e9fc) Importer(815301076,1909f56bfc062723c751e8b465ee728b)
Start importing Assets/Course Library/_Source_Files/Textures/SimplePeople_Doctor_White.png using Guid(fe1471620c6980246afa8143d135e9fc) Importer(815301076,1909f56bfc062723c751e8b465ee728b)  -> (artifact id: '85b7f9e4184614ea8c3bc9de10be35e7') in 0.007257 seconds 
========================================================================
Received Import Request.
  Time since last request: 0.000066 seconds.
  path: Assets/Course Library/_Source_Files/Textures/SimpleFarmer_FarmWrangler_White.png
  artifactKey: Guid(38afee6b97f1660489dfceac21653a3d) Importer(815301076,1909f56bfc062723c751e8b465ee728b)
Start importing Assets/Course Library/_Source_Files/Textures/SimpleFarmer_FarmWrangler_White.png using Guid(38afee6b97f1660489dfceac21653a3d) Importer(815301076,1909f56bfc062723c751e8b465ee728b)  -> (artifact id: '06658741e2b3c79dcbf0e36ee1f84a84') in 0.008390 seconds 
========================================================================
Received Import Request.
  Time since last request: 0.000053 seconds.
  path: Assets/Course Library/_Source_Files/Textures/SimplePeople_Punk_White.png
  artifactKey: Guid(b900139b444721d4eb7ea7bf1311c4f3) Importer(815301076,1909f56bfc062723c751e8b465ee728b)
Start importing Assets/Course Library/_Source_Files/Textures/SimplePeople_Punk_White.png using Guid(b900139b444721d4eb7ea7bf1311c4f3) Importer(815301076,1909f56bfc062723c751e8b465ee728b)  -> (artifact id: '92886488314f78b169f059247b643597') in 0.007701 seconds 
========================================================================
Received Import Request.
  Time since last request: 0.000035 seconds.
  path: Assets/Course Library/_Source_Files/Textures/SimplePeople_Waitress_Black.png
  artifactKey: Guid(28ef5d1be2c3e0f469599dcb97b6ca17) Importer(815301076,1909f56bfc062723c751e8b465ee728b)
Start importing Assets/Course Library/_Source_Files/Textures/SimplePeople_Waitress_Black.png using Guid(28ef5d1be2c3e0f469599dcb97b6ca17) Importer(815301076,1909f56bfc062723c751e8b465ee728b)  -> (artifact id: 'b37be07d20d515b067dbbe3eac2af40b') in 0.009439 seconds 
========================================================================
Received Import Request.
  Time since last request: 0.000056 seconds.
  path: Assets/Course Library/_Source_Files/Textures/SimplePeople_Waitress_Brown.png
  artifactKey: Guid(0000894bdf64f1b468a3c75f66de34ab) Importer(815301076,1909f56bfc062723c751e8b465ee728b)
Start importing Assets/Course Library/_Source_Files/Textures/SimplePeople_Waitress_Brown.png using Guid(0000894bdf64f1b468a3c75f66de34ab) Importer(815301076,1909f56bfc062723c751e8b465ee728b)  -> (artifact id: 'eb018cb6c3dfdbbb333c2e90af4a092a') in 0.006840 seconds 
========================================================================
Received Import Request.
  Time since last request: 0.000079 seconds.
  path: Assets/Course Library/_Source_Files/Textures/PolygonPrototype_Texture_01.png
  artifactKey: Guid(86cb957541c7c8542a6306ffb82e6833) Importer(815301076,1909f56bfc062723c751e8b465ee728b)
Start importing Assets/Course Library/_Source_Files/Textures/PolygonPrototype_Texture_01.png using Guid(86cb957541c7c8542a6306ffb82e6833) Importer(815301076,1909f56bfc062723c751e8b465ee728b)  -> (artifact id: 'd112b0fd1b9140b365f7987acf157034') in 0.010719 seconds 
========================================================================
Received Import Request.
  Time since last request: 0.000042 seconds.
  path: Assets/Course Library/_Source_Files/Textures/SimplePeople_BusinessMan_Black.png
  artifactKey: Guid(9506c885cd9fa144e9142a03fbd99dd6) Importer(815301076,1909f56bfc062723c751e8b465ee728b)
Start importing Assets/Course Library/_Source_Files/Textures/SimplePeople_BusinessMan_Black.png using Guid(9506c885cd9fa144e9142a03fbd99dd6) Importer(815301076,1909f56bfc062723c751e8b465ee728b)  -> (artifact id: '001321daba71e0f61be920874e09eba7') in 0.006264 seconds 
========================================================================
Received Import Request.
  Time since last request: 0.000047 seconds.
  path: Assets/Course Library/_Source_Files/Textures/SimpleFarmer_FarmersWife_Black.png
  artifactKey: Guid(1d2be5615bea5d44f97a1c40b5c11815) Importer(815301076,1909f56bfc062723c751e8b465ee728b)
Start importing Assets/Course Library/_Source_Files/Textures/SimpleFarmer_FarmersWife_Black.png using Guid(1d2be5615bea5d44f97a1c40b5c11815) Importer(815301076,1909f56bfc062723c751e8b465ee728b)  -> (artifact id: '471614679e0d9e591aa60a29135e2e8c') in 0.006779 seconds 
========================================================================
Received Import Request.
  Time since last request: 0.000062 seconds.
  path: Assets/Course Library/_Source_Files/Textures/SimplePeople_Punk_Black.png
  artifactKey: Guid(ac7fc91501adbf245badec7c5b7ba18f) Importer(815301076,1909f56bfc062723c751e8b465ee728b)
Start importing Assets/Course Library/_Source_Files/Textures/SimplePeople_Punk_Black.png using Guid(ac7fc91501adbf245badec7c5b7ba18f) Importer(815301076,1909f56bfc062723c751e8b465ee728b)  -> (artifact id: '822babdede948fece287c5445dc5c7b8') in 0.006757 seconds 
========================================================================
Received Import Request.
  Time since last request: 0.000045 seconds.
  path: Assets/Course Library/_Source_Files/Textures/SimpleFarmer_FarmersDaughter_Black.png
  artifactKey: Guid(96100b630096bb24b8ec619d9e6b1211) Importer(815301076,1909f56bfc062723c751e8b465ee728b)
Start importing Assets/Course Library/_Source_Files/Textures/SimpleFarmer_FarmersDaughter_Black.png using Guid(96100b630096bb24b8ec619d9e6b1211) Importer(815301076,1909f56bfc062723c751e8b465ee728b)  -> (artifact id: '2111dd5658b149c80273bd645b564cf8') in 0.005913 seconds 
========================================================================
Received Import Request.
  Time since last request: 0.000058 seconds.
  path: Assets/Course Library/_Source_Files/Textures/SimplePeople_Waitress_White.png
  artifactKey: Guid(dd192c6007229f84ca5ebc4ef9236d19) Importer(815301076,1909f56bfc062723c751e8b465ee728b)
Start importing Assets/Course Library/_Source_Files/Textures/SimplePeople_Waitress_White.png using Guid(dd192c6007229f84ca5ebc4ef9236d19) Importer(815301076,1909f56bfc062723c751e8b465ee728b)  -> (artifact id: '3bbddf635a35b5a1686cf342ee60ff36') in 0.007644 seconds 
========================================================================
Received Import Request.
  Time since last request: 0.000067 seconds.
  path: Assets/Course Library/_Source_Files/Textures/PolygonPrototype_Texture_04.png
  artifactKey: Guid(56d0dcfd4f388074b86b2ca24191e027) Importer(815301076,1909f56bfc062723c751e8b465ee728b)
Start importing Assets/Course Library/_Source_Files/Textures/PolygonPrototype_Texture_04.png using Guid(56d0dcfd4f388074b86b2ca24191e027) Importer(815301076,1909f56bfc062723c751e8b465ee728b)  -> (artifact id: 'cb64b7f7c282f7de477c6ac0b6246b4d') in 0.007092 seconds 
========================================================================
Received Import Request.
  Time since last request: 0.000044 seconds.
  path: Assets/Course Library/_Source_Files/Textures/SimpleFarmer_Farmer_Black.png
  artifactKey: Guid(8fddee26d7af656469060882f739f16a) Importer(815301076,1909f56bfc062723c751e8b465ee728b)
Start importing Assets/Course Library/_Source_Files/Textures/SimpleFarmer_Farmer_Black.png using Guid(8fddee26d7af656469060882f739f16a) Importer(815301076,1909f56bfc062723c751e8b465ee728b)  -> (artifact id: '0322e4755cea07f3345d841f7d593835') in 0.007514 seconds 
========================================================================
Received Import Request.
  Time since last request: 0.000053 seconds.
  path: Assets/Course Library/_Source_Files/Textures/SimpleFarmer_FarmersDaughter_Brown.png
  artifactKey: Guid(144811adb05d9874fab57bf4b53356a1) Importer(815301076,1909f56bfc062723c751e8b465ee728b)
Start importing Assets/Course Library/_Source_Files/Textures/SimpleFarmer_FarmersDaughter_Brown.png using Guid(144811adb05d9874fab57bf4b53356a1) Importer(815301076,1909f56bfc062723c751e8b465ee728b)  -> (artifact id: '6f6259024a046be1093fbc0b80b7b5e8') in 0.006049 seconds 
========================================================================
Received Import Request.
  Time since last request: 0.000038 seconds.
  path: Assets/Course Library/_Source_Files/Textures/Signs_00.png
  artifactKey: Guid(c050c2762aa6b874bac5c0b0c224bc9f) Importer(815301076,1909f56bfc062723c751e8b465ee728b)
Start importing Assets/Course Library/_Source_Files/Textures/Signs_00.png using Guid(c050c2762aa6b874bac5c0b0c224bc9f) Importer(815301076,1909f56bfc062723c751e8b465ee728b)  -> (artifact id: '5a77c667d449c7031401f688ac2d3561') in 0.006371 seconds 
========================================================================
Received Import Request.
  Time since last request: 0.000053 seconds.
  path: Assets/Course Library/_Source_Files/Textures/Textures_Props.png
  artifactKey: Guid(ac660800cea938a42ae8f2c5ea24539e) Importer(815301076,1909f56bfc062723c751e8b465ee728b)
Start importing Assets/Course Library/_Source_Files/Textures/Textures_Props.png using Guid(ac660800cea938a42ae8f2c5ea24539e) Importer(815301076,1909f56bfc062723c751e8b465ee728b)  -> (artifact id: 'e5668aa2a64aa5e443891d8b2bf83c3e') in 0.009285 seconds 
========================================================================
Received Import Request.
  Time since last request: 0.000033 seconds.
  path: Assets/Course Library/_Source_Files/Textures/SimpleFarmer_FarmWrangler_Brown.png
  artifactKey: Guid(45eb17d5fe65a6942aee37575c20cf68) Importer(815301076,1909f56bfc062723c751e8b465ee728b)
Start importing Assets/Course Library/_Source_Files/Textures/SimpleFarmer_FarmWrangler_Brown.png using Guid(45eb17d5fe65a6942aee37575c20cf68) Importer(815301076,1909f56bfc062723c751e8b465ee728b)  -> (artifact id: '357db9f3cce4e968b3337e468e70ef73') in 0.010008 seconds 
========================================================================
Received Import Request.
  Time since last request: 101.891323 seconds.
  path: Assets/Course Library/Characters/Town
  artifactKey: Guid(1c40e59f62d66499483f34d7d8e9fc29) Importer(815301076,1909f56bfc062723c751e8b465ee728b)
Start importing Assets/Course Library/Characters/Town using Guid(1c40e59f62d66499483f34d7d8e9fc29) Importer(815301076,1909f56bfc062723c751e8b465ee728b)  -> (artifact id: '23c505a8ea25bc9d2427f97ff9cf3bab') in 0.001906 seconds 
========================================================================
Received Import Request.
  Time since last request: 0.708195 seconds.
  path: Assets/Course Library/Characters/Town/SimplePeople_Man_Business_Black.prefab
  artifactKey: Guid(2f8d00bf5057f624e949aef802595da9) Importer(815301076,1909f56bfc062723c751e8b465ee728b)
Start importing Assets/Course Library/Characters/Town/SimplePeople_Man_Business_Black.prefab using Guid(2f8d00bf5057f624e949aef802595da9) Importer(815301076,1909f56bfc062723c751e8b465ee728b)  -> (artifact id: '956e173c1430efe4e5aaa4b29e50e391') in 0.288767 seconds 
========================================================================
Received Import Request.
  Time since last request: 0.000053 seconds.
  path: Assets/Course Library/Characters/Town/SimplePeople_Man_RoadWorker_Brown.prefab
  artifactKey: Guid(70ab0d3e71b54ac4bbd703cb0a686c4d) Importer(815301076,1909f56bfc062723c751e8b465ee728b)
Start importing Assets/Course Library/Characters/Town/SimplePeople_Man_RoadWorker_Brown.prefab using Guid(70ab0d3e71b54ac4bbd703cb0a686c4d) Importer(815301076,1909f56bfc062723c751e8b465ee728b)  -> (artifact id: 'd3c00f2cc03d5a8511d69763e6e77eb1') in 0.025502 seconds 
========================================================================
Received Import Request.
  Time since last request: 0.000038 seconds.
  path: Assets/Course Library/Characters/Town/SimplePeople_Woman_Waitress_White.prefab
  artifactKey: Guid(fe520ce6663e67348a964bf7b4318e26) Importer(815301076,1909f56bfc062723c751e8b465ee728b)
Start importing Assets/Course Library/Characters/Town/SimplePeople_Woman_Waitress_White.prefab using Guid(fe520ce6663e67348a964bf7b4318e26) Importer(815301076,1909f56bfc062723c751e8b465ee728b)  -> (artifact id: '66c4398559c803ceeab797f6c1ab6069') in 0.027202 seconds 
========================================================================
Received Import Request.
  Time since last request: 0.000107 seconds.
  path: Assets/Course Library/Characters/Town/SimplePeople_Man_Business_White.prefab
  artifactKey: Guid(b186f9485a0828b468f98fe846ae1a68) Importer(815301076,1909f56bfc062723c751e8b465ee728b)
Start importing Assets/Course Library/Characters/Town/SimplePeople_Man_Business_White.prefab using Guid(b186f9485a0828b468f98fe846ae1a68) Importer(815301076,1909f56bfc062723c751e8b465ee728b)  -> (artifact id: 'b3eefc762a4ddc872c25ca9643a0fdd9') in 0.024627 seconds 
========================================================================
Received Import Request.
  Time since last request: 0.000060 seconds.
  path: Assets/Course Library/Characters/Town/SimplePeople_Woman_Waitress_Black.prefab
  artifactKey: Guid(20847b8e912bc604b99e748a676d067b) Importer(815301076,1909f56bfc062723c751e8b465ee728b)
Start importing Assets/Course Library/Characters/Town/SimplePeople_Woman_Waitress_Black.prefab using Guid(20847b8e912bc604b99e748a676d067b) Importer(815301076,1909f56bfc062723c751e8b465ee728b)  -> (artifact id: '33e373acf35501a0cd875608c6f8e40e') in 0.027010 seconds 
========================================================================
Received Import Request.
  Time since last request: 0.000038 seconds.
  path: Assets/Course Library/Characters/Town/SimplePeople_Woman_Doctor_White.prefab
  artifactKey: Guid(d70170446aa035f40a2429d04ab83ea6) Importer(815301076,1909f56bfc062723c751e8b465ee728b)
Start importing Assets/Course Library/Characters/Town/SimplePeople_Woman_Doctor_White.prefab using Guid(d70170446aa035f40a2429d04ab83ea6) Importer(815301076,1909f56bfc062723c751e8b465ee728b)  -> (artifact id: '84d94ea48a799a4b43d908648f672af9') in 0.023353 seconds 
========================================================================
Received Import Request.
  Time since last request: 0.000051 seconds.
  path: Assets/Course Library/Characters/Town/SimplePeople_Man_Punk_Black.prefab
  artifactKey: Guid(fe32ce89f99911a478ea9e6736294382) Importer(815301076,1909f56bfc062723c751e8b465ee728b)
Start importing Assets/Course Library/Characters/Town/SimplePeople_Man_Punk_Black.prefab using Guid(fe32ce89f99911a478ea9e6736294382) Importer(815301076,1909f56bfc062723c751e8b465ee728b)  -> (artifact id: '0bbb1ccf7f6c48ddf6d8e72274ea62fc') in 0.027977 seconds 
========================================================================
Received Import Request.
  Time since last request: 0.000040 seconds.
  path: Assets/Course Library/Characters/Town/SimplePeople_Woman_Doctor_Brown.prefab
  artifactKey: Guid(f19c9246d91b3d5488c65e0539de4da2) Importer(815301076,1909f56bfc062723c751e8b465ee728b)
Start importing Assets/Course Library/Characters/Town/SimplePeople_Woman_Doctor_Brown.prefab using Guid(f19c9246d91b3d5488c65e0539de4da2) Importer(815301076,1909f56bfc062723c751e8b465ee728b)  -> (artifact id: '3256b6251be09653ea3a3afa5c179c1b') in 0.024869 seconds 
========================================================================
Received Import Request.
  Time since last request: 37.369777 seconds.
  path: Assets/Scripts
  artifactKey: Guid(d4c584e31ab67498ca747bbd9143c688) Importer(815301076,1909f56bfc062723c751e8b465ee728b)
Start importing Assets/Scripts using Guid(d4c584e31ab67498ca747bbd9143c688) Importer(815301076,1909f56bfc062723c751e8b465ee728b)  -> (artifact id: '0ce9f7591a6a7ad1f32901e9033f184b') in 0.000820 seconds 
========================================================================
Received Import Request.
  Time since last request: 7.979753 seconds.
  path: Assets/Scripts/PlayerController.cs
  artifactKey: Guid(b85be03c0834541628ba0ba922097ff8) Importer(815301076,1909f56bfc062723c751e8b465ee728b)
Start importing Assets/Scripts/PlayerController.cs using Guid(b85be03c0834541628ba0ba922097ff8) Importer(815301076,1909f56bfc062723c751e8b465ee728b)  -> (artifact id: '835a7fd9120191cee9618238f7f57131') in 0.094079 seconds 
========================================================================
Received Prepare
Registering precompiled user dll's ...
Registered in 0.001296 seconds.
Begin MonoManager ReloadAssembly
Thread 0x281903000 may have been prematurely finalized
Symbol file LoadedFromMemory doesn't match image /Users/jihinip/Documents/Unity Projects/CreateWithCode/prototype3/Library/PackageCache/com.unity.visualscripting@1.7.8/Editor/VisualScripting.Core/Dependencies/YamlDotNet/Unity.VisualScripting.YamlDotNet.dll
Symbol file LoadedFromMemory doesn't match image /Users/jihinip/Documents/Unity Projects/CreateWithCode/prototype3/Library/PackageCache/com.unity.visualscripting@1.7.8/Editor/VisualScripting.Core/Dependencies/DotNetZip/Unity.VisualScripting.IonicZip.dll
Native extension for OSXStandalone target not found
Native extension for WebGL target not found
Refreshing native plugins compatible for Editor in 0.34 ms, found 2 plugins.
Preloading 0 native plugins for Editor in 0.00 ms.
Mono: successfully reloaded assembly
- Completed reload, in  0.613 seconds
Domain Reload Profiling:
	ReloadAssembly (614ms)
		BeginReloadAssembly (103ms)
			ExecutionOrderSort (0ms)
			DisableScriptedObjects (3ms)
			BackupInstance (0ms)
			ReleaseScriptingObjects (0ms)
			CreateAndSetChildDomain (42ms)
		EndReloadAssembly (455ms)
			LoadAssemblies (53ms)
			RebuildTransferFunctionScriptingTraits (0ms)
			SetupTypeCache (166ms)
			ReleaseScriptCaches (1ms)
			RebuildScriptCaches (29ms)
			SetupLoadedEditorAssemblies (181ms)
				LogAssemblyErrors (0ms)
				InitializePlatformSupportModulesInManaged (5ms)
				SetLoadedEditorAssemblies (0ms)
				RefreshPlugins (0ms)
				BeforeProcessingInitializeOnLoad (39ms)
				ProcessInitializeOnLoadAttributes (120ms)
				ProcessInitializeOnLoadMethodAttributes (15ms)
				AfterProcessingInitializeOnLoad (1ms)
				EditorAssembliesLoaded (0ms)
			ExecutionOrderSort2 (0ms)
			AwakeInstancesAfterBackupRestoration (2ms)
Platform modules already initialized, skipping
Refreshing native plugins compatible for Editor in 0.74 ms, found 2 plugins.
Preloading 0 native plugins for Editor in 0.00 ms.
Unloading 3364 Unused Serialized files (Serialized files now loaded: 0)
Unloading 20 unused Assets / (71.4 KB). Loaded Objects now: 3846.
Memory consumption went from 268.6 MB to 268.5 MB.
Total: 2.182042 ms (FindLiveObjects: 0.122500 ms CreateObjectMapping: 0.047209 ms MarkObjects: 1.937750 ms  DeleteObjects: 0.073542 ms)

AssetImportParameters requested are different than current active one (requested -> active):
  custom:video-decoder-ogg-theora: a1e56fd34408186e4bbccfd4996cb3dc -> 
  custom:container-muxer-webm: aa71ff27fc2769a1b78a27578f13a17b -> 
  custom:container-demuxer-webm: 4f35f7cbe854078d1ac9338744f61a02 -> 
  custom:video-encoder-webm-vp8: eb34c28f22e8b96e1ab97ce403110664 -> 
  custom:framework-osx-AVFoundation: e770b220cccbd017edd2c1fefb359320 -> 
  custom:audio-encoder-webm-vorbis: bf7c407c2cedff20999df2af8eb42d56 -> 
  custom:container-demuxer-ogg: 62fdf1f143b41e24485cea50d1cbac27 -> 
  custom:video-decoder-webm-vp8: 9c59270c3fd7afecdb556c50c9e8de78 -> 
  custom:audio-decoder-ogg-vorbis: bf7c407c2cedff20999df2af8eb42d56 -> 
